<?xml version="1.0" encoding="UTF-8"?>
<testsuite xmlns:xsi="http://www.w3.org/2001/XMLSchema-instance" xsi:noNamespaceSchemaLocation="https://maven.apache.org/surefire/maven-surefire-plugin/xsd/surefire-test-report-3.0.xsd" version="3.0" name="TestSuite" time="69.988" tests="14" errors="0" skipped="0" failures="6">
  <properties>
[...]
</properties>
  <testcase name="UI_Test1" classname="Tests.Plaint_work" time="4.106">
    <failure message="null" type="java.lang.AssertionError"><![CDATA[java.lang.AssertionError: null
	at Tests.Plaint_work.UI_Test1(Plaint_work.java:25)
]]></failure>
    <system-out><![CDATA[in Constrctructor:Initializer
in Constrctructor:Initializer
log drive
test 2
test 1
in Constrctructor:Initializer
in Constrctructor:Initializer
in Constrctructor:Initializer
in Constrctructor:Initializer
no such element: Unable to locate element: {"method":"css selector","selector":"#forename\-err"}
  (Session info: chrome=98.0.4758.102)
For documentation on this error, please visit: https://selenium.dev/exceptions/#no_such_element
Build info: version: '4.1.2', revision: '9a5a329c5a'
System info: host: 'CLEANEYES', ip: '192.168.1.112', os.name: 'Windows 10', os.arch: 'amd64', os.version: '10.0', java.version: '17'
Driver info: org.openqa.selenium.chrome.ChromeDriver
Command: [a5ff19f5d551cdec71a0801aae0ee382, findElement {using=id, value=forename-err}]
Capabilities {acceptInsecureCerts: false, browserName: chrome, browserVersion: 98.0.4758.102, chrome: {chromedriverVersion: 98.0.4758.102 (273bf7ac8c90..., userDataDir: C:\Users\ritwi\AppData\Loca...}, goog:chromeOptions: {debuggerAddress: localhost:55652}, javascriptEnabled: true, networkConnectionEnabled: false, pageLoadStrategy: normal, platform: WINDOWS, platformName: WINDOWS, proxy: Proxy(), se:cdp: ws://localhost:55652/devtoo..., se:cdpVersion: 98.0.4758.102, setWindowRect: true, strictFileInteractability: false, timeouts: {implicit: 0, pageLoad: 300000, script: 30000}, unhandledPromptBehavior: dismiss and notify, webauthn:extension:credBlob: true, webauthn:extension:largeBlob: true, webauthn:virtualAuthenticators: true}
Session ID: a5ff19f5d551cdec71a0801aae0ee382
]]></system-out>
    <system-err><![CDATA[SLF4J: Failed to load class "org.slf4j.impl.StaticLoggerBinder".
SLF4J: Defaulting to no-operation (NOP) logger implementation
SLF4J: See http://www.slf4j.org/codes.html#StaticLoggerBinder for further details.
Starting ChromeDriver 98.0.4758.102 (273bf7ac8c909cde36982d27f66f3c70846a3718-refs/branch-heads/4758@{#1151}) on port 56773
Only local connections are allowed.
Please see https://chromedriver.chromium.org/security-considerations for suggestions on keeping ChromeDriver safe.
ChromeDriver was started successfully.
Feb 28, 2022 6:13:40 PM org.openqa.selenium.remote.ProtocolHandshake createSession
INFO: Detected dialect: W3C
Feb 28, 2022 6:13:40 PM org.openqa.selenium.devtools.CdpVersionFinder findNearestMatch
WARNING: Unable to find an exact match for CDP version 98, so returning the closest version found: 97
Feb 28, 2022 6:13:40 PM org.openqa.selenium.devtools.CdpVersionFinder findNearestMatch
INFO: Found CDP implementation for version 98 of 97
]]></system-err>
  </testcase>
  <testcase name="UI_Test1" classname="Tests.Plaint_work" time="3.755">
    <failure message="null" type="java.lang.AssertionError"><![CDATA[java.lang.AssertionError: null
	at Tests.Plaint_work.UI_Test1(Plaint_work.java:25)
]]></failure>
    <system-out><![CDATA[PASSED: UI_Test2
PASSED: UI_Test2
PASSED: UI_Test2
PASSED: UI_Test2
FAILED: UI_Test3
java.lang.AssertionError: null
	at org.testng.Assert.fail(Assert.java:110)
	at org.testng.Assert.fail(Assert.java:115)
	at POM.LoginPage.navigatetoShoppingPage(LoginPage.java:86)
	at Tests.Plaint_work.UI_Test3(Plaint_work.java:52)
	at java.base/jdk.internal.reflect.NativeMethodAccessorImpl.invoke0(Native Method)
	at java.base/jdk.internal.reflect.NativeMethodAccessorImpl.invoke(NativeMethodAccessorImpl.java:77)
	at java.base/jdk.internal.reflect.DelegatingMethodAccessorImpl.invoke(DelegatingMethodAccessorImpl.java:43)
	at java.base/java.lang.reflect.Method.invoke(Method.java:568)
	at org.testng.internal.invokers.MethodInvocationHelper.invokeMethod(MethodInvocationHelper.java:135)
	at org.testng.internal.invokers.TestInvoker.invokeMethod(TestInvoker.java:673)
	at org.testng.internal.invokers.TestInvoker.invokeTestMethod(TestInvoker.java:220)
	at org.testng.internal.invokers.MethodRunner.runInSequence(MethodRunner.java:50)
	at org.testng.internal.invokers.TestInvoker$MethodInvocationAgent.invoke(TestInvoker.java:945)
	at org.testng.internal.invokers.TestInvoker.invokeTestMethods(TestInvoker.java:193)
	at org.testng.internal.invokers.TestMethodWorker.invokeTestMethods(TestMethodWorker.java:146)
	at org.testng.internal.invokers.TestMethodWorker.run(TestMethodWorker.java:128)
	at java.base/java.util.concurrent.ThreadPoolExecutor.runWorker(ThreadPoolExecutor.java:1136)
	at java.base/java.util.concurrent.ThreadPoolExecutor$Worker.run(ThreadPoolExecutor.java:635)
	at java.base/java.lang.Thread.run(Thread.java:833)

FAILED: UI_Test2
java.lang.AssertionError: null
	at org.testng.Assert.fail(Assert.java:110)
	at org.testng.Assert.fail(Assert.java:115)
	at POM.ContactPage.submitWithMandatory(ContactPage.java:91)
	at Tests.Plaint_work.UI_Test2(Plaint_work.java:38)
	at java.base/jdk.internal.reflect.NativeMethodAccessorImpl.invoke0(Native Method)
	at java.base/jdk.internal.reflect.NativeMethodAccessorImpl.invoke(NativeMethodAccessorImpl.java:77)
	at java.base/jdk.internal.reflect.DelegatingMethodAccessorImpl.invoke(DelegatingMethodAccessorImpl.java:43)
	at java.base/java.lang.reflect.Method.invoke(Method.java:568)
	at org.testng.internal.invokers.MethodInvocationHelper.invokeMethod(MethodInvocationHelper.java:135)
	at org.testng.internal.invokers.TestInvoker.invokeMethod(TestInvoker.java:673)
	at org.testng.internal.invokers.TestInvoker.invokeTestMethod(TestInvoker.java:220)
	at org.testng.internal.invokers.MethodRunner.runInSequence(MethodRunner.java:50)
	at org.testng.internal.invokers.TestInvoker$MethodInvocationAgent.invoke(TestInvoker.java:945)
	at org.testng.internal.invokers.TestInvoker.invokeTestMethods(TestInvoker.java:193)
	at org.testng.internal.invokers.TestMethodWorker.invokeTestMethods(TestMethodWorker.java:146)
	at org.testng.internal.invokers.TestMethodWorker.run(TestMethodWorker.java:128)
	at java.base/java.util.concurrent.ThreadPoolExecutor.runWorker(ThreadPoolExecutor.java:1136)
	at java.base/java.util.concurrent.ThreadPoolExecutor$Worker.run(ThreadPoolExecutor.java:635)
	at java.base/java.lang.Thread.run(Thread.java:833)

FAILED: UI_Test1
java.lang.AssertionError: null
	at org.testng.Assert.fail(Assert.java:110)
	at org.testng.Assert.fail(Assert.java:115)
	at POM.ContactPage.submitWithoutMandatory(ContactPage.java:61)
	at Tests.Plaint_work.UI_Test1(Plaint_work.java:25)
	at java.base/jdk.internal.reflect.NativeMethodAccessorImpl.invoke0(Native Method)
	at java.base/jdk.internal.reflect.NativeMethodAccessorImpl.invoke(NativeMethodAccessorImpl.java:77)
	at java.base/jdk.internal.reflect.DelegatingMethodAccessorImpl.invoke(DelegatingMethodAccessorImpl.java:43)
	at java.base/java.lang.reflect.Method.invoke(Method.java:568)
	at org.testng.internal.invokers.MethodInvocationHelper.invokeMethod(MethodInvocationHelper.java:135)
	at org.testng.internal.invokers.TestInvoker.invokeMethod(TestInvoker.java:673)
	at org.testng.internal.invokers.TestInvoker.invokeTestMethod(TestInvoker.java:220)
	at org.testng.internal.invokers.MethodRunner.runInSequence(MethodRunner.java:50)
	at org.testng.internal.invokers.TestInvoker$MethodInvocationAgent.invoke(TestInvoker.java:945)
	at org.testng.internal.invokers.TestInvoker.invokeTestMethods(TestInvoker.java:193)
	at org.testng.internal.invokers.TestMethodWorker.invokeTestMethods(TestMethodWorker.java:146)
	at org.testng.internal.invokers.TestMethodWorker.run(TestMethodWorker.java:128)
	at java.base/java.util.concurrent.ThreadPoolExecutor.runWorker(ThreadPoolExecutor.java:1136)
	at java.base/java.util.concurrent.ThreadPoolExecutor$Worker.run(ThreadPoolExecutor.java:635)
	at java.base/java.lang.Thread.run(Thread.java:833)


===============================================
    chrometest
    Tests run: 3, Failures: 3, Skips: 0
===============================================

log drive
test 1
in Constrctructor:Initializer
test 2
in Constrctructor:Initializer
in Constrctructor:Initializer
in Constrctructor:Initializer
no such element: Unable to locate element: {"method":"css selector","selector":"#forename\-err"}
  (Session info: MicrosoftEdge=98.0.1108.62)
For documentation on this error, please visit: https://selenium.dev/exceptions/#no_such_element
Build info: version: '4.1.2', revision: '9a5a329c5a'
System info: host: 'CLEANEYES', ip: '192.168.1.112', os.name: 'Windows 10', os.arch: 'amd64', os.version: '10.0', java.version: '17'
Driver info: org.openqa.selenium.edge.EdgeDriver
Command: [78e1522d1429cfdb167637001f8a9788, findElement {using=id, value=forename-err}]
Capabilities {acceptInsecureCerts: false, browserName: msedge, browserVersion: 98.0.1108.62, javascriptEnabled: true, ms:edgeOptions: {debuggerAddress: localhost:55722}, msedge: {msedgedriverVersion: 98.0.1108.62 (86b4ba0c0a320..., userDataDir: C:\Users\ritwi\AppData\Loca...}, networkConnectionEnabled: false, pageLoadStrategy: normal, platform: WINDOWS, platformName: WINDOWS, proxy: Proxy(), se:cdp: ws://localhost:55722/devtoo..., se:cdpVersion: 98.0.1108.62, setWindowRect: true, strictFileInteractability: false, timeouts: {implicit: 0, pageLoad: 300000, script: 30000}, unhandledPromptBehavior: dismiss and notify, webauthn:extension:credBlob: true, webauthn:extension:largeBlob: true, webauthn:virtualAuthenticators: true}
Session ID: 78e1522d1429cfdb167637001f8a9788
]]></system-out>
    <system-err><![CDATA[Starting MSEdgeDriver 98.0.1108.62 (86b4ba0c0a320a2c0c88adba983ad3b5ce15710f) on port 49964
Only local connections are allowed.
Please see https://chromedriver.chromium.org/security-considerations for suggestions on keeping MSEdgeDriver safe.
MSEdgeDriver was started successfully.
Feb 28, 2022 6:14:10 PM org.openqa.selenium.remote.ProtocolHandshake createSession
INFO: Detected dialect: W3C
Feb 28, 2022 6:14:10 PM org.openqa.selenium.devtools.CdpVersionFinder findNearestMatch
WARNING: Unable to find an exact match for CDP version 98, so returning the closest version found: 97
Feb 28, 2022 6:14:10 PM org.openqa.selenium.devtools.CdpVersionFinder findNearestMatch
INFO: Found CDP implementation for version 98 of 97
]]></system-err>
  </testcase>
  <testcase name="UI_Test2" classname="Tests.Plaint_work" time="0.096">
    <failure message="null" type="java.lang.AssertionError"><![CDATA[java.lang.AssertionError: null
	at Tests.Plaint_work.UI_Test2(Plaint_work.java:38)
]]></failure>
    <system-out><![CDATA[test 3
in Constrctructor:Initializer
stale element reference: element is not attached to the page document
  (Session info: chrome=98.0.4758.102)
For documentation on this error, please visit: https://selenium.dev/exceptions/#stale_element_reference
Build info: version: '4.1.2', revision: '9a5a329c5a'
System info: host: 'CLEANEYES', ip: '192.168.1.112', os.name: 'Windows 10', os.arch: 'amd64', os.version: '10.0', java.version: '17'
Driver info: org.openqa.selenium.chrome.ChromeDriver
Command: [a5ff19f5d551cdec71a0801aae0ee382, isElementDisplayed {id=ae2bf11c-9fee-4a4e-8821-223fe6d819a6}]
Capabilities {acceptInsecureCerts: false, browserName: chrome, browserVersion: 98.0.4758.102, chrome: {chromedriverVersion: 98.0.4758.102 (273bf7ac8c90..., userDataDir: C:\Users\ritwi\AppData\Loca...}, goog:chromeOptions: {debuggerAddress: localhost:55652}, javascriptEnabled: true, networkConnectionEnabled: false, pageLoadStrategy: normal, platform: WINDOWS, platformName: WINDOWS, proxy: Proxy(), se:cdp: ws://localhost:55652/devtoo..., se:cdpVersion: 98.0.4758.102, setWindowRect: true, strictFileInteractability: false, timeouts: {implicit: 0, pageLoad: 300000, script: 30000}, unhandledPromptBehavior: dismiss and notify, webauthn:extension:credBlob: true, webauthn:extension:largeBlob: true, webauthn:virtualAuthenticators: true}
Element: [[ChromeDriver: chrome on WINDOWS (a5ff19f5d551cdec71a0801aae0ee382)] -> xpath: /html/body/div[2]/div/form/div/a]
Session ID: a5ff19f5d551cdec71a0801aae0ee382
]]></system-out>
  </testcase>
  <testcase name="UI_Test2" classname="Tests.Plaint_work" time="1.716">
    <system-out><![CDATA[in Constrctructor:Initializer
Thanks PlanIT, we appreciate your feedback.
]]></system-out>
  </testcase>
  <testcase name="UI_Test2" classname="Tests.Plaint_work" time="3.161">
    <system-out><![CDATA[test 2
in Constrctructor:Initializer
in Constrctructor:Initializer
Thanks PlanIT, we appreciate your feedback.
]]></system-out>
  </testcase>
  <testcase name="UI_Test2" classname="Tests.Plaint_work" time="11.443">
    <system-out><![CDATA[test 2
in Constrctructor:Initializer
in Constrctructor:Initializer
Thanks PlanIT, we appreciate your feedback.
]]></system-out>
  </testcase>
  <testcase name="UI_Test2" classname="Tests.Plaint_work" time="6.256">
    <system-out><![CDATA[test 2
in Constrctructor:Initializer
in Constrctructor:Initializer
Thanks PlanIT, we appreciate your feedback.
]]></system-out>
  </testcase>
  <testcase name="UI_Test2" classname="Tests.Plaint_work" time="0.154">
    <failure message="null" type="java.lang.AssertionError"><![CDATA[java.lang.AssertionError: null
	at Tests.Plaint_work.UI_Test2(Plaint_work.java:38)
]]></failure>
    <system-out><![CDATA[test 3
in Constrctructor:Initializer
no such element: Unable to locate element: {"method":"xpath","selector":"/html/body/div[2]/div/form/div/a"}
  (Session info: MicrosoftEdge=98.0.1108.62)
For documentation on this error, please visit: https://selenium.dev/exceptions/#no_such_element
Build info: version: '4.1.2', revision: '9a5a329c5a'
System info: host: 'CLEANEYES', ip: '192.168.1.112', os.name: 'Windows 10', os.arch: 'amd64', os.version: '10.0', java.version: '17'
Driver info: org.openqa.selenium.edge.EdgeDriver
Command: [78e1522d1429cfdb167637001f8a9788, findElement {using=xpath, value=/html/body/div[2]/div/form/div/a}]
Capabilities {acceptInsecureCerts: false, browserName: msedge, browserVersion: 98.0.1108.62, javascriptEnabled: true, ms:edgeOptions: {debuggerAddress: localhost:55722}, msedge: {msedgedriverVersion: 98.0.1108.62 (86b4ba0c0a320..., userDataDir: C:\Users\ritwi\AppData\Loca...}, networkConnectionEnabled: false, pageLoadStrategy: normal, platform: WINDOWS, platformName: WINDOWS, proxy: Proxy(), se:cdp: ws://localhost:55722/devtoo..., se:cdpVersion: 98.0.1108.62, setWindowRect: true, strictFileInteractability: false, timeouts: {implicit: 0, pageLoad: 300000, script: 30000}, unhandledPromptBehavior: dismiss and notify, webauthn:extension:credBlob: true, webauthn:extension:largeBlob: true, webauthn:virtualAuthenticators: true}
Session ID: 78e1522d1429cfdb167637001f8a9788
]]></system-out>
  </testcase>
  <testcase name="UI_Test2" classname="Tests.Plaint_work" time="4.857">
    <system-out><![CDATA[in Constrctructor:Initializer
Thanks PlanIT, we appreciate your feedback.
]]></system-out>
  </testcase>
  <testcase name="UI_Test2" classname="Tests.Plaint_work" time="11.015">
    <system-out><![CDATA[test 2
in Constrctructor:Initializer
in Constrctructor:Initializer
Thanks PlanIT, we appreciate your feedback.
]]></system-out>
  </testcase>
  <testcase name="UI_Test2" classname="Tests.Plaint_work" time="14.649">
    <system-out><![CDATA[test 2
in Constrctructor:Initializer
in Constrctructor:Initializer
Thanks PlanIT, we appreciate your feedback.
]]></system-out>
  </testcase>
  <testcase name="UI_Test2" classname="Tests.Plaint_work" time="2.336">
    <system-out><![CDATA[test 2
in Constrctructor:Initializer
in Constrctructor:Initializer
Thanks PlanIT, we appreciate your feedback.
]]></system-out>
  </testcase>
  <testcase name="UI_Test3" classname="Tests.Plaint_work" time="0.113">
    <failure message="null" type="java.lang.AssertionError"><![CDATA[java.lang.AssertionError: null
	at Tests.Plaint_work.UI_Test3(Plaint_work.java:52)
]]></failure>
    <system-out><![CDATA[test 2
in Constrctructor:Initializer
]]></system-out>
  </testcase>
  <testcase name="UI_Test3" classname="Tests.Plaint_work" time="0.136">
    <failure message="null" type="java.lang.AssertionError"><![CDATA[java.lang.AssertionError: null
	at Tests.Plaint_work.UI_Test3(Plaint_work.java:52)
]]></failure>
    <system-out><![CDATA[test 2
in Constrctructor:Initializer
]]></system-out>
  </testcase>
</testsuite>